

============================== 2022-07-20 17:05:47.447420 | 42a022b0-aa2e-455b-bb2c-8bd079ea1f4c ==============================
[0m17:05:47.447476 [info ] [MainThread]: Running with dbt=1.3.0-a1
[0m17:05:47.449727 [debug] [MainThread]: running dbt with arguments {'write_json': True, 'use_colors': True, 'printer_width': 80, 'version_check': True, 'partial_parse': True, 'static_parser': True, 'profiles_dir': '/home/meron/.dbt', 'send_anonymous_usage_stats': True, 'event_buffer_size': 100000, 'quiet': False, 'no_print': False, 'project_name': 'data-warehouse', 'skip_profile_setup': False, 'which': 'init', 'indirect_selection': 'eager'}
[0m17:05:47.450789 [debug] [MainThread]: Tracking: tracking
[0m17:05:47.459649 [debug] [MainThread]: Sending event: {'category': 'dbt', 'action': 'invocation', 'label': 'start', 'context': [<snowplow_tracker.self_describing_json.SelfDescribingJson object at 0x7fa5427b5300>, <snowplow_tracker.self_describing_json.SelfDescribingJson object at 0x7fa5427b4f10>, <snowplow_tracker.self_describing_json.SelfDescribingJson object at 0x7fa5427b50f0>]}
[0m17:05:47.462010 [info ] [MainThread]: Creating dbt configuration folder at /home/meron/.dbt
[0m17:06:44.134171 [debug] [MainThread]: Starter project path: /home/meron/Dev/10acadamey/week_11/Data-warehouse/dbt-project/dbt-env/lib/python3.10/site-packages/dbt/include/starter_project
[0m17:07:02.914906 [info ] [MainThread]: Profile data_warehouse written to /home/meron/.dbt/profiles.yml using target's sample configuration. Once updated, you'll be able to start developing with dbt.
[0m17:07:02.916255 [info ] [MainThread]: 
Your new dbt project "data_warehouse" was created!

For more information on how to configure the profiles.yml file,
please consult the dbt documentation here:

  https://docs.getdbt.com/docs/configure-your-profile

One more thing:

Need help? Don't hesitate to reach out to us via GitHub issues or on Slack:

  https://community.getdbt.com/

Happy modeling!

[0m17:07:02.917659 [debug] [MainThread]: Sending event: {'category': 'dbt', 'action': 'invocation', 'label': 'end', 'context': [<snowplow_tracker.self_describing_json.SelfDescribingJson object at 0x7fa542d107c0>, <snowplow_tracker.self_describing_json.SelfDescribingJson object at 0x7fa542d107f0>, <snowplow_tracker.self_describing_json.SelfDescribingJson object at 0x7fa542d10730>]}


============================== 2022-07-21 09:51:02.474836 | c9afdcb4-0295-4538-80ce-481641d5eb15 ==============================
09:51:02.474869 [info ] [MainThread]: Running with dbt=1.1.1
09:51:02.476384 [debug] [MainThread]: running dbt with arguments {'write_json': True, 'use_colors': True, 'printer_width': 80, 'version_check': True, 'partial_parse': True, 'static_parser': True, 'profiles_dir': '/home/meron/.dbt', 'send_anonymous_usage_stats': True, 'event_buffer_size': 100000, 'quiet': False, 'no_print': False, 'config_dir': False, 'which': 'debug', 'indirect_selection': 'eager'}
09:51:02.477089 [debug] [MainThread]: Tracking: tracking
09:51:02.482487 [debug] [MainThread]: Sending event: {'category': 'dbt', 'action': 'invocation', 'label': 'start', 'context': [<snowplow_tracker.self_describing_json.SelfDescribingJson object at 0x7f30b8c2ace0>, <snowplow_tracker.self_describing_json.SelfDescribingJson object at 0x7f30b8c2afb0>, <snowplow_tracker.self_describing_json.SelfDescribingJson object at 0x7f30b8c2add0>]}
09:51:02.739007 [debug] [MainThread]: Executing "git --help"
09:51:02.745586 [debug] [MainThread]: STDOUT: "b"usage: git [--version] [--help] [-C <path>] [-c <name>=<value>]\n           [--exec-path[=<path>]] [--html-path] [--man-path] [--info-path]\n           [-p | --paginate | -P | --no-pager] [--no-replace-objects] [--bare]\n           [--git-dir=<path>] [--work-tree=<path>] [--namespace=<name>]\n           [--super-prefix=<path>] [--config-env=<name>=<envvar>]\n           <command> [<args>]\n\nThese are common Git commands used in various situations:\n\nstart a working area (see also: git help tutorial)\n   clone     Clone a repository into a new directory\n   init      Create an empty Git repository or reinitialize an existing one\n\nwork on the current change (see also: git help everyday)\n   add       Add file contents to the index\n   mv        Move or rename a file, a directory, or a symlink\n   restore   Restore working tree files\n   rm        Remove files from the working tree and from the index\n\nexamine the history and state (see also: git help revisions)\n   bisect    Use binary search to find the commit that introduced a bug\n   diff      Show changes between commits, commit and working tree, etc\n   grep      Print lines matching a pattern\n   log       Show commit logs\n   show      Show various types of objects\n   status    Show the working tree status\n\ngrow, mark and tweak your common history\n   branch    List, create, or delete branches\n   commit    Record changes to the repository\n   merge     Join two or more development histories together\n   rebase    Reapply commits on top of another base tip\n   reset     Reset current HEAD to the specified state\n   switch    Switch branches\n   tag       Create, list, delete or verify a tag object signed with GPG\n\ncollaborate (see also: git help workflows)\n   fetch     Download objects and refs from another repository\n   pull      Fetch from and integrate with another repository or a local branch\n   push      Update remote refs along with associated objects\n\n'git help -a' and 'git help -g' list available subcommands and some\nconcept guides. See 'git help <command>' or 'git help <concept>'\nto read about a specific subcommand or concept.\nSee 'git help git' for an overview of the system.\n""
09:51:02.747183 [debug] [MainThread]: STDERR: "b''"
09:51:02.748824 [debug] [MainThread]: Sending event: {'category': 'dbt', 'action': 'invocation', 'label': 'end', 'context': [<snowplow_tracker.self_describing_json.SelfDescribingJson object at 0x7f30b8c2ada0>, <snowplow_tracker.self_describing_json.SelfDescribingJson object at 0x7f30b8116a40>, <snowplow_tracker.self_describing_json.SelfDescribingJson object at 0x7f30b81147c0>]}


============================== 2022-07-21 09:52:35.334701 | 8b883ad4-19bd-44bd-800e-5d5798ef9fd8 ==============================
09:52:35.334728 [info ] [MainThread]: Running with dbt=1.1.1
09:52:35.335911 [debug] [MainThread]: running dbt with arguments {'write_json': True, 'use_colors': True, 'printer_width': 80, 'version_check': True, 'partial_parse': True, 'static_parser': True, 'profiles_dir': '/home/meron/.dbt', 'send_anonymous_usage_stats': True, 'event_buffer_size': 100000, 'quiet': False, 'no_print': False, 'config_dir': False, 'which': 'debug', 'indirect_selection': 'eager'}
09:52:35.336466 [debug] [MainThread]: Tracking: tracking
09:52:35.341076 [debug] [MainThread]: Sending event: {'category': 'dbt', 'action': 'invocation', 'label': 'start', 'context': [<snowplow_tracker.self_describing_json.SelfDescribingJson object at 0x7fcfc2d2ece0>, <snowplow_tracker.self_describing_json.SelfDescribingJson object at 0x7fcfc2d2efb0>, <snowplow_tracker.self_describing_json.SelfDescribingJson object at 0x7fcfc2d2edd0>]}
09:52:35.560621 [debug] [MainThread]: Executing "git --help"
09:52:35.565868 [debug] [MainThread]: STDOUT: "b"usage: git [--version] [--help] [-C <path>] [-c <name>=<value>]\n           [--exec-path[=<path>]] [--html-path] [--man-path] [--info-path]\n           [-p | --paginate | -P | --no-pager] [--no-replace-objects] [--bare]\n           [--git-dir=<path>] [--work-tree=<path>] [--namespace=<name>]\n           [--super-prefix=<path>] [--config-env=<name>=<envvar>]\n           <command> [<args>]\n\nThese are common Git commands used in various situations:\n\nstart a working area (see also: git help tutorial)\n   clone     Clone a repository into a new directory\n   init      Create an empty Git repository or reinitialize an existing one\n\nwork on the current change (see also: git help everyday)\n   add       Add file contents to the index\n   mv        Move or rename a file, a directory, or a symlink\n   restore   Restore working tree files\n   rm        Remove files from the working tree and from the index\n\nexamine the history and state (see also: git help revisions)\n   bisect    Use binary search to find the commit that introduced a bug\n   diff      Show changes between commits, commit and working tree, etc\n   grep      Print lines matching a pattern\n   log       Show commit logs\n   show      Show various types of objects\n   status    Show the working tree status\n\ngrow, mark and tweak your common history\n   branch    List, create, or delete branches\n   commit    Record changes to the repository\n   merge     Join two or more development histories together\n   rebase    Reapply commits on top of another base tip\n   reset     Reset current HEAD to the specified state\n   switch    Switch branches\n   tag       Create, list, delete or verify a tag object signed with GPG\n\ncollaborate (see also: git help workflows)\n   fetch     Download objects and refs from another repository\n   pull      Fetch from and integrate with another repository or a local branch\n   push      Update remote refs along with associated objects\n\n'git help -a' and 'git help -g' list available subcommands and some\nconcept guides. See 'git help <command>' or 'git help <concept>'\nto read about a specific subcommand or concept.\nSee 'git help git' for an overview of the system.\n""
09:52:35.566632 [debug] [MainThread]: STDERR: "b''"
09:52:35.567661 [debug] [MainThread]: Sending event: {'category': 'dbt', 'action': 'invocation', 'label': 'end', 'context': [<snowplow_tracker.self_describing_json.SelfDescribingJson object at 0x7fcfc2d2eda0>, <snowplow_tracker.self_describing_json.SelfDescribingJson object at 0x7fcfc211aa40>, <snowplow_tracker.self_describing_json.SelfDescribingJson object at 0x7fcfc21187c0>]}


============================== 2022-07-21 09:53:33.248329 | 5590cae4-ce77-4ec0-8414-8ff804f304e6 ==============================
09:53:33.248359 [info ] [MainThread]: Running with dbt=1.1.1
09:53:33.249890 [debug] [MainThread]: running dbt with arguments {'write_json': True, 'use_colors': True, 'printer_width': 80, 'version_check': True, 'partial_parse': True, 'static_parser': True, 'profiles_dir': '/home/meron/.dbt', 'send_anonymous_usage_stats': True, 'event_buffer_size': 100000, 'quiet': False, 'no_print': False, 'config_dir': False, 'which': 'debug', 'indirect_selection': 'eager'}
09:53:33.250499 [debug] [MainThread]: Tracking: tracking
09:53:33.254855 [debug] [MainThread]: Sending event: {'category': 'dbt', 'action': 'invocation', 'label': 'start', 'context': [<snowplow_tracker.self_describing_json.SelfDescribingJson object at 0x7fb887546ad0>, <snowplow_tracker.self_describing_json.SelfDescribingJson object at 0x7fb887546dd0>, <snowplow_tracker.self_describing_json.SelfDescribingJson object at 0x7fb887546c50>]}
09:53:33.282667 [debug] [MainThread]: Sending event: {'category': 'dbt', 'action': 'invocation', 'label': 'end', 'context': [<snowplow_tracker.self_describing_json.SelfDescribingJson object at 0x7fb887546e00>, <snowplow_tracker.self_describing_json.SelfDescribingJson object at 0x7fb8875477f0>, <snowplow_tracker.self_describing_json.SelfDescribingJson object at 0x7fb887547160>]}


============================== 2022-07-21 10:56:55.013574 | 8bb9d03e-5e5d-4acd-abae-042ed49857ca ==============================
10:56:55.013625 [info ] [MainThread]: Running with dbt=1.1.1
10:56:55.042266 [debug] [MainThread]: running dbt with arguments {'write_json': True, 'use_colors': True, 'printer_width': 80, 'version_check': True, 'partial_parse': True, 'static_parser': True, 'profiles_dir': '/home/meron/.dbt', 'send_anonymous_usage_stats': True, 'event_buffer_size': 100000, 'quiet': False, 'no_print': False, 'config_dir': False, 'which': 'debug', 'indirect_selection': 'eager'}
10:56:55.043367 [debug] [MainThread]: Tracking: tracking
10:56:55.051282 [debug] [MainThread]: Sending event: {'category': 'dbt', 'action': 'invocation', 'label': 'start', 'context': [<snowplow_tracker.self_describing_json.SelfDescribingJson object at 0x7ffab2942d40>, <snowplow_tracker.self_describing_json.SelfDescribingJson object at 0x7ffab2943010>, <snowplow_tracker.self_describing_json.SelfDescribingJson object at 0x7ffab2942dd0>]}
10:56:55.317870 [debug] [MainThread]: Executing "git --help"
10:56:55.327710 [debug] [MainThread]: STDOUT: "b"usage: git [--version] [--help] [-C <path>] [-c <name>=<value>]\n           [--exec-path[=<path>]] [--html-path] [--man-path] [--info-path]\n           [-p | --paginate | -P | --no-pager] [--no-replace-objects] [--bare]\n           [--git-dir=<path>] [--work-tree=<path>] [--namespace=<name>]\n           [--super-prefix=<path>] [--config-env=<name>=<envvar>]\n           <command> [<args>]\n\nThese are common Git commands used in various situations:\n\nstart a working area (see also: git help tutorial)\n   clone     Clone a repository into a new directory\n   init      Create an empty Git repository or reinitialize an existing one\n\nwork on the current change (see also: git help everyday)\n   add       Add file contents to the index\n   mv        Move or rename a file, a directory, or a symlink\n   restore   Restore working tree files\n   rm        Remove files from the working tree and from the index\n\nexamine the history and state (see also: git help revisions)\n   bisect    Use binary search to find the commit that introduced a bug\n   diff      Show changes between commits, commit and working tree, etc\n   grep      Print lines matching a pattern\n   log       Show commit logs\n   show      Show various types of objects\n   status    Show the working tree status\n\ngrow, mark and tweak your common history\n   branch    List, create, or delete branches\n   commit    Record changes to the repository\n   merge     Join two or more development histories together\n   rebase    Reapply commits on top of another base tip\n   reset     Reset current HEAD to the specified state\n   switch    Switch branches\n   tag       Create, list, delete or verify a tag object signed with GPG\n\ncollaborate (see also: git help workflows)\n   fetch     Download objects and refs from another repository\n   pull      Fetch from and integrate with another repository or a local branch\n   push      Update remote refs along with associated objects\n\n'git help -a' and 'git help -g' list available subcommands and some\nconcept guides. See 'git help <command>' or 'git help <concept>'\nto read about a specific subcommand or concept.\nSee 'git help git' for an overview of the system.\n""
10:56:55.329541 [debug] [MainThread]: STDERR: "b''"
10:56:55.336549 [debug] [MainThread]: Acquiring new postgres connection "debug"
10:56:55.338150 [debug] [MainThread]: Using postgres connection "debug"
10:56:55.339446 [debug] [MainThread]: On debug: select 1 as id
10:56:55.340611 [debug] [MainThread]: Opening a new connection, currently in state init
10:56:55.369903 [debug] [MainThread]: Postgres adapter: Got an error when attempting to open a postgres connection: 'connection to server at "localhost" (127.0.0.1), port 5432 failed: Connection refused
	Is the server running on that host and accepting TCP/IP connections?
'
10:56:55.371926 [debug] [MainThread]: Postgres adapter: Error running SQL: select 1 as id
10:56:55.373081 [debug] [MainThread]: Postgres adapter: Rolling back transaction.
10:56:55.374273 [debug] [MainThread]: On debug: No close available on handle
10:56:55.376030 [debug] [MainThread]: Sending event: {'category': 'dbt', 'action': 'invocation', 'label': 'end', 'context': [<snowplow_tracker.self_describing_json.SelfDescribingJson object at 0x7ffab24967d0>, <snowplow_tracker.self_describing_json.SelfDescribingJson object at 0x7ffab2496a10>, <snowplow_tracker.self_describing_json.SelfDescribingJson object at 0x7ffab2496860>]}
10:56:57.732912 [debug] [MainThread]: Connection 'debug' was properly closed.


============================== 2022-07-25 23:53:31.815596 | c0e2f18c-7f6e-4a7f-ab7c-7f52f22be6df ==============================
23:53:31.815605 [info ] [MainThread]: Running with dbt=1.1.1
23:53:31.816320 [debug] [MainThread]: running dbt with arguments {'write_json': True, 'use_colors': True, 'printer_width': 80, 'version_check': True, 'partial_parse': True, 'static_parser': True, 'profiles_dir': '/home/meron/.dbt', 'send_anonymous_usage_stats': True, 'event_buffer_size': 100000, 'quiet': False, 'no_print': False, 'config_dir': False, 'which': 'debug', 'indirect_selection': 'eager'}
23:53:31.816724 [debug] [MainThread]: Tracking: tracking
23:53:31.820693 [debug] [MainThread]: Sending event: {'category': 'dbt', 'action': 'invocation', 'label': 'start', 'context': [<snowplow_tracker.self_describing_json.SelfDescribingJson object at 0x7f5fe0134580>, <snowplow_tracker.self_describing_json.SelfDescribingJson object at 0x7f5fe0137040>, <snowplow_tracker.self_describing_json.SelfDescribingJson object at 0x7f5fe0136c20>]}
23:53:31.905211 [debug] [MainThread]: Executing "git --help"
23:53:31.916925 [debug] [MainThread]: STDOUT: "b"usage: git [--version] [--help] [-C <path>] [-c <name>=<value>]\n           [--exec-path[=<path>]] [--html-path] [--man-path] [--info-path]\n           [-p | --paginate | -P | --no-pager] [--no-replace-objects] [--bare]\n           [--git-dir=<path>] [--work-tree=<path>] [--namespace=<name>]\n           [--super-prefix=<path>] [--config-env=<name>=<envvar>]\n           <command> [<args>]\n\nThese are common Git commands used in various situations:\n\nstart a working area (see also: git help tutorial)\n   clone     Clone a repository into a new directory\n   init      Create an empty Git repository or reinitialize an existing one\n\nwork on the current change (see also: git help everyday)\n   add       Add file contents to the index\n   mv        Move or rename a file, a directory, or a symlink\n   restore   Restore working tree files\n   rm        Remove files from the working tree and from the index\n\nexamine the history and state (see also: git help revisions)\n   bisect    Use binary search to find the commit that introduced a bug\n   diff      Show changes between commits, commit and working tree, etc\n   grep      Print lines matching a pattern\n   log       Show commit logs\n   show      Show various types of objects\n   status    Show the working tree status\n\ngrow, mark and tweak your common history\n   branch    List, create, or delete branches\n   commit    Record changes to the repository\n   merge     Join two or more development histories together\n   rebase    Reapply commits on top of another base tip\n   reset     Reset current HEAD to the specified state\n   switch    Switch branches\n   tag       Create, list, delete or verify a tag object signed with GPG\n\ncollaborate (see also: git help workflows)\n   fetch     Download objects and refs from another repository\n   pull      Fetch from and integrate with another repository or a local branch\n   push      Update remote refs along with associated objects\n\n'git help -a' and 'git help -g' list available subcommands and some\nconcept guides. See 'git help <command>' or 'git help <concept>'\nto read about a specific subcommand or concept.\nSee 'git help git' for an overview of the system.\n""
23:53:31.917274 [debug] [MainThread]: STDERR: "b''"
23:53:31.921147 [debug] [MainThread]: Acquiring new postgres connection "debug"
23:53:31.921863 [debug] [MainThread]: Using postgres connection "debug"
23:53:31.922179 [debug] [MainThread]: On debug: select 1 as id
23:53:31.922460 [debug] [MainThread]: Opening a new connection, currently in state init
23:53:31.948002 [debug] [MainThread]: SQL status: SELECT 1 in 0.03 seconds
23:53:31.949205 [debug] [MainThread]: On debug: Close
23:53:31.949698 [debug] [MainThread]: Sending event: {'category': 'dbt', 'action': 'invocation', 'label': 'end', 'context': [<snowplow_tracker.self_describing_json.SelfDescribingJson object at 0x7f5fdf518790>, <snowplow_tracker.self_describing_json.SelfDescribingJson object at 0x7f5fdf519ea0>, <snowplow_tracker.self_describing_json.SelfDescribingJson object at 0x7f5fdf518b80>]}
23:53:36.930217 [debug] [MainThread]: Connection 'debug' was properly closed.
